0 info it worked if it ends with ok
1 verbose cli [ '/usr/local/bin/node',
1 verbose cli   '/usr/local/bin/npm',
1 verbose cli   'install',
1 verbose cli   '-g',
1 verbose cli   'ios-deploy' ]
2 info using npm@2.14.20
3 info using node@v4.4.1
4 verbose install initial load of /usr/local/lib/package.json
5 verbose readDependencies loading dependencies from /usr/local/lib/package.json
6 silly cache add args [ 'ios-deploy', null ]
7 verbose cache add spec ios-deploy
8 silly cache add parsed spec Result {
8 silly cache add   raw: 'ios-deploy',
8 silly cache add   scope: null,
8 silly cache add   name: 'ios-deploy',
8 silly cache add   rawSpec: '',
8 silly cache add   spec: 'latest',
8 silly cache add   type: 'tag' }
9 silly addNamed ios-deploy@latest
10 verbose addNamed "latest" is being treated as a dist-tag for ios-deploy
11 info addNameTag [ 'ios-deploy', 'latest' ]
12 silly mapToRegistry name ios-deploy
13 silly mapToRegistry using default registry
14 silly mapToRegistry registry https://registry.npmjs.org/
15 silly mapToRegistry uri https://registry.npmjs.org/ios-deploy
16 verbose addNameTag registry:https://registry.npmjs.org/ios-deploy not in flight; fetching
17 verbose request uri https://registry.npmjs.org/ios-deploy
18 verbose request no auth needed
19 info attempt registry request try #1 at 5:40:25 PM
20 verbose request id a67645a7a5fc9ecd
21 verbose etag "5ALDUQ1GLDBEYMDJK8RUMV18V"
22 http request GET https://registry.npmjs.org/ios-deploy
23 http 304 https://registry.npmjs.org/ios-deploy
24 verbose headers { date: 'Mon, 09 May 2016 16:40:25 GMT',
24 verbose headers   via: '1.1 varnish',
24 verbose headers   'cache-control': 'max-age=300',
24 verbose headers   etag: '"5ALDUQ1GLDBEYMDJK8RUMV18V"',
24 verbose headers   age: '0',
24 verbose headers   connection: 'keep-alive',
24 verbose headers   'x-served-by': 'cache-lcy1132-LCY',
24 verbose headers   'x-cache': 'HIT',
24 verbose headers   'x-cache-hits': '1',
24 verbose headers   'x-timer': 'S1462812025.424238,VS0,VE195',
24 verbose headers   vary: 'Accept-Encoding' }
25 silly get cb [ 304,
25 silly get   { date: 'Mon, 09 May 2016 16:40:25 GMT',
25 silly get     via: '1.1 varnish',
25 silly get     'cache-control': 'max-age=300',
25 silly get     etag: '"5ALDUQ1GLDBEYMDJK8RUMV18V"',
25 silly get     age: '0',
25 silly get     connection: 'keep-alive',
25 silly get     'x-served-by': 'cache-lcy1132-LCY',
25 silly get     'x-cache': 'HIT',
25 silly get     'x-cache-hits': '1',
25 silly get     'x-timer': 'S1462812025.424238,VS0,VE195',
25 silly get     vary: 'Accept-Encoding' } ]
26 verbose etag https://registry.npmjs.org/ios-deploy from cache
27 verbose get saving ios-deploy to /Users/Rude1977/.npm/registry.npmjs.org/ios-deploy/.cache.json
28 verbose correctMkdir /Users/Rude1977/.npm correctMkdir not in flight; initializing
29 silly addNameTag next cb for ios-deploy with tag latest
30 silly addNamed ios-deploy@1.8.6
31 verbose addNamed "1.8.6" is a plain semver version for ios-deploy
32 silly cache afterAdd ios-deploy@1.8.6
33 verbose afterAdd /Users/Rude1977/.npm/ios-deploy/1.8.6/package/package.json not in flight; writing
34 verbose correctMkdir /Users/Rude1977/.npm correctMkdir not in flight; initializing
35 verbose afterAdd /Users/Rude1977/.npm/ios-deploy/1.8.6/package/package.json written
36 silly install resolved [ { name: 'ios-deploy',
36 silly install resolved     version: '1.8.6',
36 silly install resolved     os: [ 'darwin' ],
36 silly install resolved     description: 'launch iOS apps iOS devices from the command line (Xcode 7)',
36 silly install resolved     main: 'ios-deploy',
36 silly install resolved     scripts:
36 silly install resolved      { preinstall: './src/scripts/check_reqs.js && xcodebuild',
36 silly install resolved        test: 'npm run pycompile && npm run jshint && xcodebuild -target ios-deploy-lib && xcodebuild test -scheme ios-deploy-tests',
36 silly install resolved        jshint: 'node node_modules/jshint/bin/jshint src/scripts/*.js',
36 silly install resolved        pycompile: 'python -m py_compile src/scripts/*.py' },
36 silly install resolved     bin: { 'ios-deploy': './build/Release/ios-deploy' },
36 silly install resolved     repository:
36 silly install resolved      { type: 'git',
36 silly install resolved        url: 'git+https://github.com/phonegap/ios-deploy.git' },
36 silly install resolved     devDependencies: { jshint: '2.5.8' },
36 silly install resolved     keywords: [ 'ios-deploy', 'deploy to iOS device' ],
36 silly install resolved     bugs: { url: 'https://github.com/phonegap/ios-deploy/issues' },
36 silly install resolved     author: { name: 'Greg Hughes' },
36 silly install resolved     license: 'GPLv3',
36 silly install resolved     gitHead: 'd7cccae1ade60378ce1134f496b68eeac53eb860',
36 silly install resolved     homepage: 'https://github.com/phonegap/ios-deploy#readme',
36 silly install resolved     _id: 'ios-deploy@1.8.6',
36 silly install resolved     _shasum: 'abb0b5132e7e6c89d1f521ba7c81c44eec54d4f5',
36 silly install resolved     _from: 'ios-deploy@latest',
36 silly install resolved     _npmVersion: '2.14.7',
36 silly install resolved     _nodeVersion: '4.2.2',
36 silly install resolved     _npmUser: { name: 'shazron', email: 'shazron@gmail.com' },
36 silly install resolved     maintainers: [ [Object], [Object], [Object] ],
36 silly install resolved     dist:
36 silly install resolved      { shasum: 'abb0b5132e7e6c89d1f521ba7c81c44eec54d4f5',
36 silly install resolved        tarball: 'https://registry.npmjs.org/ios-deploy/-/ios-deploy-1.8.6.tgz' },
36 silly install resolved     _npmOperationalInternal:
36 silly install resolved      { host: 'packages-16-east.internal.npmjs.com',
36 silly install resolved        tmp: 'tmp/ios-deploy-1.8.6.tgz_1460409336359_0.34613347332924604' },
36 silly install resolved     directories: {},
36 silly install resolved     _resolved: 'https://registry.npmjs.org/ios-deploy/-/ios-deploy-1.8.6.tgz',
36 silly install resolved     readme: 'ERROR: No README data found!' } ]
37 info install ios-deploy@1.8.6 into /usr/local/lib
38 info installOne ios-deploy@1.8.6
39 verbose installOne of ios-deploy to /usr/local/lib not in flight; installing
40 verbose correctMkdir /Users/Rude1977/.npm/_locks correctMkdir not in flight; initializing
41 verbose lock using /Users/Rude1977/.npm/_locks/ios-deploy-198957223cd98201.lock for /usr/local/lib/node_modules/ios-deploy
42 silly install write writing ios-deploy 1.8.6 to /usr/local/lib/node_modules/ios-deploy
43 verbose unbuild lib/node_modules/ios-deploy
44 info preuninstall ios-deploy@1.8.6
45 info uninstall ios-deploy@1.8.6
46 verbose unbuild rmStuff ios-deploy@1.8.6 from /usr/local/lib/node_modules
47 silly gentlyRm /usr/local/bin/ios-deploy is being gently removed
48 silly gentlyRm verifying /usr/local is an npm working directory
49 silly gentlyRm containing path /usr/local is under npm's control, in /usr/local
50 silly gentlyRm deletion target /usr/local/bin/ios-deploy is under /usr/local
51 verbose gentlyRm vacuuming from /usr/local/bin/ios-deploy up to /usr/local
52 silly vacuum-fs removing /usr/local/bin/ios-deploy
53 silly vacuum-fs quitting because other entries in /usr/local/bin
54 info postuninstall ios-deploy@1.8.6
55 silly gentlyRm /usr/local/lib/node_modules/ios-deploy is being purged from base /usr/local
56 verbose gentlyRm don't care about contents; nuking /usr/local/lib/node_modules/ios-deploy
57 silly vacuum-fs purging /usr/local/lib/node_modules/ios-deploy
58 silly vacuum-fs quitting because other entries in /usr/local/lib/node_modules
59 verbose tar unpack /Users/Rude1977/.npm/ios-deploy/1.8.6/package.tgz
60 verbose tar unpacking to /usr/local/lib/node_modules/ios-deploy
61 silly gentlyRm /usr/local/lib/node_modules/ios-deploy is being purged
62 verbose gentlyRm don't care about contents; nuking /usr/local/lib/node_modules/ios-deploy
63 silly gunzTarPerm modes [ '755', '644' ]
64 silly gunzTarPerm extractEntry package.json
65 silly gunzTarPerm extractEntry .npmignore
66 silly gunzTarPerm extractEntry README.md
67 silly gunzTarPerm extractEntry LICENSE
68 silly gunzTarPerm extractEntry CONTRIBUTING.md
69 silly gunzTarPerm extractEntry demo/.npmignore
70 silly gunzTarPerm extractEntry demo/Entitlements.plist
71 silly gunzTarPerm extractEntry demo/Info.plist
72 silly gunzTarPerm extractEntry demo/Makefile
73 silly gunzTarPerm extractEntry demo/ResourceRules.plist
74 silly gunzTarPerm extractEntry demo/demo.c
75 silly gunzTarPerm extractEntry ios-deploy.xcodeproj/project.pbxproj
76 silly gunzTarPerm extractEntry ios-deploy.xcodeproj/project.xcworkspace/xcuserdata/shaz.xcuserdatad/UserInterfaceState.xcuserstate
77 silly gunzTarPerm extractEntry ios-deploy.xcodeproj/xcshareddata/xcschemes/ios-deploy-tests.xcscheme
78 silly gunzTarPerm extractEntry ios-deploy.xcodeproj/xcuserdata/shaz.xcuserdatad/xcschemes/ios-deploy-lib.xcscheme
79 silly gunzTarPerm extractEntry ios-deploy.xcodeproj/xcuserdata/shaz.xcuserdatad/xcschemes/ios-deploy.xcscheme
80 silly gunzTarPerm extractEntry ios-deploy.xcodeproj/xcuserdata/shaz.xcuserdatad/xcschemes/xcschememanagement.plist
81 silly gunzTarPerm extractEntry src/ios-deploy/MobileDevice.h
82 silly gunzTarPerm extractEntry src/ios-deploy/errors.h
83 silly gunzTarPerm extractEntry src/ios-deploy/ios-deploy.m
84 silly gunzTarPerm extractEntry src/ios-deploy/version.h
85 silly gunzTarPerm extractEntry src/ios-deploy-lib/libios_deploy.h
86 silly gunzTarPerm extractEntry src/ios-deploy-lib/libios_deploy.m
87 silly gunzTarPerm extractEntry src/ios-deploy-tests/Info.plist
88 silly gunzTarPerm extractEntry src/ios-deploy-tests/ios_deploy_tests.m
89 silly gunzTarPerm extractEntry src/scripts/check_reqs.js
90 silly gunzTarPerm extractEntry src/scripts/lldb.py
91 verbose write writing to /usr/local/lib/node_modules/ios-deploy/package.json
92 info preinstall ios-deploy@1.8.6
93 verbose unsafe-perm in lifecycle false
94 info ios-deploy@1.8.6 Failed to exec preinstall script
95 verbose unlock done using /Users/Rude1977/.npm/_locks/ios-deploy-198957223cd98201.lock for /usr/local/lib/node_modules/ios-deploy
96 verbose stack Error: ios-deploy@1.8.6 preinstall: `./src/scripts/check_reqs.js && xcodebuild`
96 verbose stack Exit status 134
96 verbose stack     at EventEmitter.<anonymous> (/usr/local/lib/node_modules/npm/lib/utils/lifecycle.js:214:16)
96 verbose stack     at emitTwo (events.js:87:13)
96 verbose stack     at EventEmitter.emit (events.js:172:7)
96 verbose stack     at ChildProcess.<anonymous> (/usr/local/lib/node_modules/npm/lib/utils/spawn.js:24:14)
96 verbose stack     at emitTwo (events.js:87:13)
96 verbose stack     at ChildProcess.emit (events.js:172:7)
96 verbose stack     at maybeClose (internal/child_process.js:827:16)
96 verbose stack     at Process.ChildProcess._handle.onexit (internal/child_process.js:211:5)
97 verbose pkgid ios-deploy@1.8.6
98 verbose cwd /Users/Rude1977/Projects/pubcrawler-ionic
99 error Darwin 15.4.0
100 error argv "/usr/local/bin/node" "/usr/local/bin/npm" "install" "-g" "ios-deploy"
101 error node v4.4.1
102 error npm  v2.14.20
103 error code ELIFECYCLE
104 error ios-deploy@1.8.6 preinstall: `./src/scripts/check_reqs.js && xcodebuild`
104 error Exit status 134
105 error Failed at the ios-deploy@1.8.6 preinstall script './src/scripts/check_reqs.js && xcodebuild'.
105 error This is most likely a problem with the ios-deploy package,
105 error not with npm itself.
105 error Tell the author that this fails on your system:
105 error     ./src/scripts/check_reqs.js && xcodebuild
105 error You can get information on how to open an issue for this project with:
105 error     npm bugs ios-deploy
105 error Or if that isn't available, you can get their info via:
105 error
105 error     npm owner ls ios-deploy
105 error There is likely additional logging output above.
106 verbose exit [ 1, true ]
107 verbose unbuild lib/node_modules/ios-deploy
108 info preuninstall ios-deploy@1.8.6
109 info uninstall ios-deploy@1.8.6
110 verbose unbuild rmStuff ios-deploy@1.8.6 from /usr/local/lib/node_modules
111 silly gentlyRm /usr/local/bin/ios-deploy is being gently removed
112 silly gentlyRm verifying /usr/local is an npm working directory
113 silly gentlyRm containing path /usr/local is under npm's control, in /usr/local
114 silly gentlyRm deletion target /usr/local/bin/ios-deploy is under /usr/local
115 verbose gentlyRm vacuuming from /usr/local/bin/ios-deploy up to /usr/local
116 info postuninstall ios-deploy@1.8.6
117 silly gentlyRm /usr/local/lib/node_modules/ios-deploy is being purged from base /usr/local
118 verbose gentlyRm don't care about contents; nuking /usr/local/lib/node_modules/ios-deploy
119 silly vacuum-fs purging /usr/local/lib/node_modules/ios-deploy
120 silly vacuum-fs quitting because other entries in /usr/local/lib/node_modules
